<?xml version="1.0" encoding="UTF-8"?>
<testng-results skipped="0" failed="1" ignored="4" total="5" passed="0">
  <reporter-output>
  </reporter-output>
  <suite name="Shop Tools Suite" duration-ms="13917" started-at="2020-07-07T20:19:52Z" finished-at="2020-07-07T20:20:06Z">
    <groups>
    </groups>
    <test name="Smoke Test" duration-ms="13917" started-at="2020-07-07T20:19:52Z" finished-at="2020-07-07T20:20:06Z">
      <class name="Testing.TestRunner">
        <test-method status="FAIL" signature="registerNewUser()[pri:0, instance:Testing.TestRunner@754ba872]" name="registerNewUser" duration-ms="13854" started-at="2020-07-07T20:19:52Z" finished-at="2020-07-07T20:20:05Z">
          <exception class="java.lang.AssertionError">
            <message>
              <![CDATA[expected [Jon Washington] but found [John Washington]]]>
            </message>
            <full-stacktrace>
              <![CDATA[java.lang.AssertionError: expected [Jon Washington] but found [John Washington]
at org.testng.Assert.fail(Assert.java:96)
at org.testng.Assert.failNotEquals(Assert.java:776)
at org.testng.Assert.assertEqualsImpl(Assert.java:137)
at org.testng.Assert.assertEquals(Assert.java:118)
at org.testng.Assert.assertEquals(Assert.java:453)
at org.testng.Assert.assertEquals(Assert.java:463)
at Testing.TestRunner.registerNewUser(TestRunner.java:102)
at sun.reflect.NativeMethodAccessorImpl.invoke0(Native Method)
at sun.reflect.NativeMethodAccessorImpl.invoke(NativeMethodAccessorImpl.java:62)
at sun.reflect.DelegatingMethodAccessorImpl.invoke(DelegatingMethodAccessorImpl.java:43)
at java.lang.reflect.Method.invoke(Method.java:498)
at org.testng.internal.MethodInvocationHelper.invokeMethod(MethodInvocationHelper.java:124)
at org.testng.internal.Invoker.invokeMethod(Invoker.java:583)
at org.testng.internal.Invoker.invokeTestMethod(Invoker.java:719)
at org.testng.internal.Invoker.invokeTestMethods(Invoker.java:989)
at org.testng.internal.TestMethodWorker.invokeTestMethods(TestMethodWorker.java:125)
at org.testng.internal.TestMethodWorker.run(TestMethodWorker.java:109)
at java.util.concurrent.ThreadPoolExecutor.runWorker(ThreadPoolExecutor.java:1149)
at java.util.concurrent.ThreadPoolExecutor$Worker.run(ThreadPoolExecutor.java:624)
at java.lang.Thread.run(Thread.java:748)
]]>
            </full-stacktrace>
          </exception> <!-- java.lang.AssertionError -->
          <reporter-output>
          </reporter-output>
        </test-method> <!-- registerNewUser -->
      </class> <!-- Testing.TestRunner -->
    </test> <!-- Smoke Test -->
  </suite> <!-- Shop Tools Suite -->
</testng-results>
